<?xml version="1.0" encoding="UTF-8"?>
<testsuites>
  <testsuite name="hello" timestamp="2024-07-08T10:21:54Z" hostname="fb49052b29f3" tests="3" skipped="0" failures="0" errors="0" time="0.241">
    <testcase time="0.013" classname="hello" name="hello_works"/>
    <testcase time="0.215" classname="hello" name="hello_cli_works"/>
    <testcase time="0.013" classname="hello" name="fix_me_"/>
  </testsuite>
</testsuites>
